{"/var/www/resources/js/components/collaboration/TaskUser.vue": {"path":"/var/www/resources/js/components/collaboration/TaskUser.vue","statementMap":{"0":{"start":{"line":47,"column":0},"end":{"line":47,"column":null}},"1":{"start":{"line":51,"column":0},"end":{"line":51,"column":null}},"2":{"start":{"line":61,"column":0},"end":{"line":61,"column":null}},"3":{"start":{"line":63,"column":0},"end":{"line":67,"column":null}},"4":{"start":{"line":64,"column":0},"end":{"line":64,"column":null}},"5":{"start":{"line":66,"column":0},"end":{"line":66,"column":null}},"6":{"start":{"line":70,"column":0},"end":{"line":70,"column":null}},"7":{"start":{"line":72,"column":0},"end":{"line":72,"column":null}},"8":{"start":{"line":73,"column":0},"end":{"line":79,"column":null}},"9":{"start":{"line":77,"column":0},"end":{"line":77,"column":null}},"10":{"start":{"line":78,"column":0},"end":{"line":78,"column":null}},"11":{"start":{"line":81,"column":0},"end":{"line":81,"column":null}},"12":{"start":{"line":82,"column":0},"end":{"line":87,"column":null}},"13":{"start":{"line":84,"column":0},"end":{"line":84,"column":null}},"14":{"start":{"line":85,"column":0},"end":{"line":85,"column":null}},"15":{"start":{"line":86,"column":0},"end":{"line":86,"column":null}},"16":{"start":{"line":92,"column":0},"end":{"line":92,"column":null}},"17":{"start":{"line":93,"column":0},"end":{"line":102,"column":null}},"18":{"start":{"line":94,"column":0},"end":{"line":97,"column":null}},"19":{"start":{"line":95,"column":0},"end":{"line":95,"column":null}},"20":{"start":{"line":96,"column":0},"end":{"line":96,"column":null}},"21":{"start":{"line":98,"column":0},"end":{"line":101,"column":null}},"22":{"start":{"line":99,"column":0},"end":{"line":99,"column":null}},"23":{"start":{"line":100,"column":0},"end":{"line":100,"column":null}}},"fnMap":{"0":{"name":"_default","decl":{"start":{"line":47,"column":0},"end":{"line":47,"column":null}},"loc":{"start":{"line":47,"column":0},"end":{"line":47,"column":null}}},"1":{"name":"data","decl":{"start":{"line":50,"column":0},"end":{"line":50,"column":null}},"loc":{"start":{"line":50,"column":0},"end":{"line":58,"column":null}}},"2":{"name":"checkLimits","decl":{"start":{"line":60,"column":0},"end":{"line":60,"column":null}},"loc":{"start":{"line":60,"column":0},"end":{"line":68,"column":null}}},"3":{"name":"isDisabled","decl":{"start":{"line":69,"column":0},"end":{"line":69,"column":null}},"loc":{"start":{"line":69,"column":0},"end":{"line":71,"column":null}}},"4":{"name":"saveTasks","decl":{"start":{"line":72,"column":0},"end":{"line":72,"column":null}},"loc":{"start":{"line":72,"column":0},"end":{"line":80,"column":null}}},"5":{"name":"(anonymous_6)","decl":{"start":{"line":73,"column":0},"end":{"line":73,"column":null}},"loc":{"start":{"line":73,"column":0},"end":{"line":73,"column":null}}},"6":{"name":"deleteUser","decl":{"start":{"line":81,"column":0},"end":{"line":81,"column":null}},"loc":{"start":{"line":81,"column":0},"end":{"line":88,"column":null}}},"7":{"name":"(anonymous_9)","decl":{"start":{"line":82,"column":0},"end":{"line":82,"column":null}},"loc":{"start":{"line":82,"column":0},"end":{"line":85,"column":null}}},"8":{"name":"(anonymous_10)","decl":{"start":{"line":85,"column":0},"end":{"line":85,"column":null}},"loc":{"start":{"line":85,"column":0},"end":{"line":87,"column":null}}},"9":{"name":"created","decl":{"start":{"line":91,"column":0},"end":{"line":91,"column":null}},"loc":{"start":{"line":91,"column":0},"end":{"line":103,"column":null}}}},"branchMap":{"0":{"loc":{"start":{"line":63,"column":0},"end":{"line":67,"column":null}},"type":"if","locations":[{"start":{"line":63,"column":0},"end":{"line":67,"column":null}},{"start":{"line":65,"column":0},"end":{"line":67,"column":null}}]},"1":{"loc":{"start":{"line":70,"column":0},"end":{"line":70,"column":null}},"type":"binary-expr","locations":[{"start":{"line":70,"column":0},"end":{"line":70,"column":null}},{"start":{"line":70,"column":0},"end":{"line":70,"column":null}},{"start":{"line":70,"column":0},"end":{"line":70,"column":null}}]},"2":{"loc":{"start":{"line":74,"column":0},"end":{"line":74,"column":null}},"type":"cond-expr","locations":[{"start":{"line":74,"column":0},"end":{"line":74,"column":null}},{"start":{"line":74,"column":0},"end":{"line":74,"column":null}}]},"3":{"loc":{"start":{"line":75,"column":0},"end":{"line":75,"column":null}},"type":"cond-expr","locations":[{"start":{"line":75,"column":0},"end":{"line":75,"column":null}},{"start":{"line":75,"column":0},"end":{"line":75,"column":null}}]},"4":{"loc":{"start":{"line":93,"column":0},"end":{"line":102,"column":null}},"type":"if","locations":[{"start":{"line":93,"column":0},"end":{"line":102,"column":null}}]},"5":{"loc":{"start":{"line":94,"column":0},"end":{"line":97,"column":null}},"type":"if","locations":[{"start":{"line":94,"column":0},"end":{"line":97,"column":null}}]},"6":{"loc":{"start":{"line":98,"column":0},"end":{"line":101,"column":null}},"type":"if","locations":[{"start":{"line":98,"column":0},"end":{"line":101,"column":null}}]}},"s":{"0":0,"1":0,"2":0,"3":0,"4":0,"5":0,"6":0,"7":0,"8":0,"9":0,"10":0,"11":0,"12":0,"13":0,"14":0,"15":0,"16":0,"17":0,"18":0,"19":0,"20":0,"21":0,"22":0,"23":0},"f":{"0":0,"1":0,"2":0,"3":0,"4":0,"5":0,"6":0,"7":0,"8":0,"9":0},"b":{"0":[0,0],"1":[0,0,0],"2":[0,0],"3":[0,0],"4":[0],"5":[0],"6":[0]}}
,"/var/www/resources/js/components/collaboration/Tasks.vue": {"path":"/var/www/resources/js/components/collaboration/Tasks.vue","statementMap":{"0":{"start":{"line":25,"column":0},"end":{"line":25,"column":null}},"1":{"start":{"line":34,"column":0},"end":{"line":34,"column":null}},"2":{"start":{"line":39,"column":0},"end":{"line":39,"column":null}}},"fnMap":{"0":{"name":"_default","decl":{"start":{"line":31,"column":0},"end":{"line":31,"column":null}},"loc":{"start":{"line":31,"column":0},"end":{"line":35,"column":null}}},"1":{"name":"data","decl":{"start":{"line":38,"column":0},"end":{"line":38,"column":null}},"loc":{"start":{"line":38,"column":0},"end":{"line":60,"column":null}}}},"branchMap":{},"s":{"0":1,"1":1,"2":2},"f":{"0":1,"1":2},"b":{}}
,"/var/www/resources/js/components/itinerary/CreateItinerary.vue": {"path":"/var/www/resources/js/components/itinerary/CreateItinerary.vue","statementMap":{"0":{"start":{"line":22,"column":0},"end":{"line":22,"column":null}},"1":{"start":{"line":32,"column":0},"end":{"line":32,"column":null}},"2":{"start":{"line":45,"column":0},"end":{"line":45,"column":null}}},"fnMap":{"0":{"name":"_default","decl":{"start":{"line":31,"column":0},"end":{"line":31,"column":null}},"loc":{"start":{"line":31,"column":0},"end":{"line":41,"column":null}}},"1":{"name":"data","decl":{"start":{"line":44,"column":0},"end":{"line":44,"column":null}},"loc":{"start":{"line":44,"column":0},"end":{"line":58,"column":null}}}},"branchMap":{},"s":{"0":1,"1":1,"2":2},"f":{"0":1,"1":2},"b":{}}
,"/var/www/resources/js/components/itinerary/Days.vue": {"path":"/var/www/resources/js/components/itinerary/Days.vue","statementMap":{"0":{"start":{"line":203,"column":0},"end":{"line":203,"column":null}},"1":{"start":{"line":216,"column":0},"end":{"line":216,"column":null}},"2":{"start":{"line":228,"column":0},"end":{"line":228,"column":null}},"3":{"start":{"line":243,"column":0},"end":{"line":243,"column":null}},"4":{"start":{"line":251,"column":0},"end":{"line":251,"column":null}},"5":{"start":{"line":254,"column":0},"end":{"line":254,"column":null}},"6":{"start":{"line":256,"column":0},"end":{"line":256,"column":null}},"7":{"start":{"line":264,"column":0},"end":{"line":264,"column":null}},"8":{"start":{"line":266,"column":0},"end":{"line":266,"column":null}},"9":{"start":{"line":267,"column":0},"end":{"line":286,"column":null}},"10":{"start":{"line":273,"column":0},"end":{"line":273,"column":null}},"11":{"start":{"line":275,"column":0},"end":{"line":275,"column":null}},"12":{"start":{"line":283,"column":0},"end":{"line":283,"column":null}},"13":{"start":{"line":284,"column":0},"end":{"line":284,"column":null}},"14":{"start":{"line":285,"column":0},"end":{"line":285,"column":null}},"15":{"start":{"line":288,"column":0},"end":{"line":288,"column":null}},"16":{"start":{"line":289,"column":0},"end":{"line":295,"column":null}},"17":{"start":{"line":292,"column":0},"end":{"line":292,"column":null}},"18":{"start":{"line":293,"column":0},"end":{"line":293,"column":null}},"19":{"start":{"line":294,"column":0},"end":{"line":294,"column":null}},"20":{"start":{"line":297,"column":0},"end":{"line":297,"column":null}},"21":{"start":{"line":298,"column":0},"end":{"line":313,"column":null}},"22":{"start":{"line":305,"column":0},"end":{"line":310,"column":null}},"23":{"start":{"line":306,"column":0},"end":{"line":306,"column":null}},"24":{"start":{"line":307,"column":0},"end":{"line":307,"column":null}},"25":{"start":{"line":308,"column":0},"end":{"line":308,"column":null}},"26":{"start":{"line":309,"column":0},"end":{"line":309,"column":null}},"27":{"start":{"line":311,"column":0},"end":{"line":311,"column":null}},"28":{"start":{"line":312,"column":0},"end":{"line":312,"column":null}},"29":{"start":{"line":316,"column":0},"end":{"line":316,"column":null}},"30":{"start":{"line":319,"column":0},"end":{"line":319,"column":null}}},"fnMap":{"0":{"name":"_default","decl":{"start":{"line":216,"column":0},"end":{"line":216,"column":null}},"loc":{"start":{"line":216,"column":0},"end":{"line":216,"column":null}}},"1":{"name":"data","decl":{"start":{"line":227,"column":0},"end":{"line":227,"column":null}},"loc":{"start":{"line":227,"column":0},"end":{"line":240,"column":null}}},"2":{"name":"addModal","decl":{"start":{"line":242,"column":0},"end":{"line":242,"column":null}},"loc":{"start":{"line":242,"column":0},"end":{"line":252,"column":null}}},"3":{"name":"updateModal","decl":{"start":{"line":253,"column":0},"end":{"line":253,"column":null}},"loc":{"start":{"line":253,"column":0},"end":{"line":265,"column":null}}},"4":{"name":"saveEvent","decl":{"start":{"line":266,"column":0},"end":{"line":266,"column":null}},"loc":{"start":{"line":266,"column":0},"end":{"line":287,"column":null}}},"5":{"name":"(anonymous_7)","decl":{"start":{"line":267,"column":0},"end":{"line":267,"column":null}},"loc":{"start":{"line":267,"column":0},"end":{"line":284,"column":null}}},"6":{"name":"(anonymous_8)","decl":{"start":{"line":284,"column":0},"end":{"line":284,"column":null}},"loc":{"start":{"line":284,"column":0},"end":{"line":286,"column":null}}},"7":{"name":"deleteEvent","decl":{"start":{"line":288,"column":0},"end":{"line":288,"column":null}},"loc":{"start":{"line":288,"column":0},"end":{"line":296,"column":null}}},"8":{"name":"(anonymous_10)","decl":{"start":{"line":289,"column":0},"end":{"line":289,"column":null}},"loc":{"start":{"line":289,"column":0},"end":{"line":293,"column":null}}},"9":{"name":"(anonymous_11)","decl":{"start":{"line":293,"column":0},"end":{"line":293,"column":null}},"loc":{"start":{"line":293,"column":0},"end":{"line":295,"column":null}}},"10":{"name":"updateEvent","decl":{"start":{"line":297,"column":0},"end":{"line":297,"column":null}},"loc":{"start":{"line":297,"column":0},"end":{"line":314,"column":null}}},"11":{"name":"(anonymous_13)","decl":{"start":{"line":298,"column":0},"end":{"line":298,"column":null}},"loc":{"start":{"line":298,"column":0},"end":{"line":311,"column":null}}},"12":{"name":"(anonymous_14)","decl":{"start":{"line":311,"column":0},"end":{"line":311,"column":null}},"loc":{"start":{"line":311,"column":0},"end":{"line":313,"column":null}}},"13":{"name":"setEvent","decl":{"start":{"line":315,"column":0},"end":{"line":315,"column":null}},"loc":{"start":{"line":315,"column":0},"end":{"line":317,"column":null}}},"14":{"name":"searchHotel","decl":{"start":{"line":318,"column":0},"end":{"line":318,"column":null}},"loc":{"start":{"line":318,"column":0},"end":{"line":334,"column":null}}}},"branchMap":{"0":{"loc":{"start":{"line":305,"column":0},"end":{"line":310,"column":null}},"type":"if","locations":[{"start":{"line":305,"column":0},"end":{"line":310,"column":null}}]}},"s":{"0":1,"1":0,"2":8,"3":0,"4":0,"5":0,"6":0,"7":0,"8":0,"9":0,"10":0,"11":0,"12":0,"13":0,"14":0,"15":0,"16":0,"17":0,"18":0,"19":0,"20":0,"21":0,"22":0,"23":0,"24":0,"25":0,"26":0,"27":0,"28":0,"29":0,"30":0},"f":{"0":0,"1":8,"2":0,"3":0,"4":0,"5":0,"6":0,"7":0,"8":0,"9":0,"10":0,"11":0,"12":0,"13":0,"14":0},"b":{"0":[0]}}
,"/var/www/resources/js/components/planner/CreateTrip.vue": {"path":"/var/www/resources/js/components/planner/CreateTrip.vue","statementMap":{"0":{"start":{"line":92,"column":0},"end":{"line":92,"column":null}},"1":{"start":{"line":102,"column":0},"end":{"line":102,"column":null}},"2":{"start":{"line":117,"column":0},"end":{"line":119,"column":null}},"3":{"start":{"line":118,"column":0},"end":{"line":118,"column":null}},"4":{"start":{"line":121,"column":0},"end":{"line":121,"column":null}},"5":{"start":{"line":124,"column":0},"end":{"line":126,"column":null}},"6":{"start":{"line":125,"column":0},"end":{"line":125,"column":null}},"7":{"start":{"line":127,"column":0},"end":{"line":127,"column":null}},"8":{"start":{"line":129,"column":0},"end":{"line":129,"column":null}},"9":{"start":{"line":130,"column":0},"end":{"line":136,"column":null}},"10":{"start":{"line":132,"column":0},"end":{"line":132,"column":null}},"11":{"start":{"line":133,"column":0},"end":{"line":133,"column":null}},"12":{"start":{"line":134,"column":0},"end":{"line":134,"column":null}},"13":{"start":{"line":135,"column":0},"end":{"line":135,"column":null}}},"fnMap":{"0":{"name":"data","decl":{"start":{"line":101,"column":0},"end":{"line":101,"column":null}},"loc":{"start":{"line":101,"column":0},"end":{"line":114,"column":null}}},"1":{"name":"changeState","decl":{"start":{"line":116,"column":0},"end":{"line":116,"column":null}},"loc":{"start":{"line":116,"column":0},"end":{"line":122,"column":null}}},"2":{"name":"maxDays","decl":{"start":{"line":123,"column":0},"end":{"line":123,"column":null}},"loc":{"start":{"line":123,"column":0},"end":{"line":128,"column":null}}},"3":{"name":"submitForm","decl":{"start":{"line":129,"column":0},"end":{"line":129,"column":null}},"loc":{"start":{"line":129,"column":0},"end":{"line":137,"column":null}}},"4":{"name":"(anonymous_6)","decl":{"start":{"line":130,"column":0},"end":{"line":130,"column":null}},"loc":{"start":{"line":130,"column":0},"end":{"line":134,"column":null}}},"5":{"name":"(anonymous_7)","decl":{"start":{"line":134,"column":0},"end":{"line":134,"column":null}},"loc":{"start":{"line":134,"column":0},"end":{"line":136,"column":null}}}},"branchMap":{"0":{"loc":{"start":{"line":117,"column":0},"end":{"line":119,"column":null}},"type":"if","locations":[{"start":{"line":117,"column":0},"end":{"line":119,"column":null}}]},"1":{"loc":{"start":{"line":118,"column":0},"end":{"line":118,"column":null}},"type":"cond-expr","locations":[{"start":{"line":118,"column":0},"end":{"line":118,"column":null}},{"start":{"line":118,"column":0},"end":{"line":118,"column":null}}]},"2":{"loc":{"start":{"line":124,"column":0},"end":{"line":126,"column":null}},"type":"if","locations":[{"start":{"line":124,"column":0},"end":{"line":126,"column":null}}]}},"s":{"0":1,"1":1,"2":4,"3":0,"4":4,"5":1,"6":0,"7":1,"8":0,"9":0,"10":0,"11":0,"12":0,"13":0},"f":{"0":1,"1":4,"2":1,"3":0,"4":0,"5":0},"b":{"0":[0],"1":[0,0],"2":[0]}}
}
