TN:
SF:resources/js/components/collaboration/TaskUser.vue
FN:47,_default
FN:50,data
FN:60,checkLimits
FN:69,isDisabled
FN:72,saveTasks
FN:73,(anonymous_6)
FN:81,deleteUser
FN:82,(anonymous_9)
FN:85,(anonymous_10)
FN:91,created
FNF:10
FNH:0
FNDA:0,_default
FNDA:0,data
FNDA:0,checkLimits
FNDA:0,isDisabled
FNDA:0,saveTasks
FNDA:0,(anonymous_6)
FNDA:0,deleteUser
FNDA:0,(anonymous_9)
FNDA:0,(anonymous_10)
FNDA:0,created
DA:47,0
DA:51,0
DA:61,0
DA:63,0
DA:64,0
DA:66,0
DA:70,0
DA:72,0
DA:73,0
DA:77,0
DA:78,0
DA:81,0
DA:82,0
DA:84,0
DA:85,0
DA:86,0
DA:92,0
DA:93,0
DA:94,0
DA:95,0
DA:96,0
DA:98,0
DA:99,0
DA:100,0
LF:24
LH:0
BRDA:63,0,0,0
BRDA:63,0,1,0
BRDA:70,1,0,0
BRDA:70,1,1,0
BRDA:70,1,2,0
BRDA:74,2,0,0
BRDA:74,2,1,0
BRDA:75,3,0,0
BRDA:75,3,1,0
BRDA:93,4,0,0
BRDA:94,5,0,0
BRDA:98,6,0,0
BRF:12
BRH:0
end_of_record
TN:
SF:resources/js/components/collaboration/Tasks.vue
FN:31,_default
FN:38,data
FNF:2
FNH:2
FNDA:1,_default
FNDA:2,data
DA:25,1
DA:34,1
DA:39,2
LF:3
LH:3
BRF:0
BRH:0
end_of_record
TN:
SF:resources/js/components/itinerary/CreateItinerary.vue
FN:31,_default
FN:44,data
FNF:2
FNH:2
FNDA:1,_default
FNDA:2,data
DA:22,1
DA:32,1
DA:45,2
LF:3
LH:3
BRF:0
BRH:0
end_of_record
TN:
SF:resources/js/components/itinerary/Days.vue
FN:216,_default
FN:227,data
FN:242,addModal
FN:253,updateModal
FN:266,saveEvent
FN:267,(anonymous_7)
FN:284,(anonymous_8)
FN:288,deleteEvent
FN:289,(anonymous_10)
FN:293,(anonymous_11)
FN:297,updateEvent
FN:298,(anonymous_13)
FN:311,(anonymous_14)
FN:315,setEvent
FN:318,searchHotel
FNF:15
FNH:1
FNDA:0,_default
FNDA:8,data
FNDA:0,addModal
FNDA:0,updateModal
FNDA:0,saveEvent
FNDA:0,(anonymous_7)
FNDA:0,(anonymous_8)
FNDA:0,deleteEvent
FNDA:0,(anonymous_10)
FNDA:0,(anonymous_11)
FNDA:0,updateEvent
FNDA:0,(anonymous_13)
FNDA:0,(anonymous_14)
FNDA:0,setEvent
FNDA:0,searchHotel
DA:203,1
DA:216,0
DA:228,8
DA:243,0
DA:251,0
DA:254,0
DA:256,0
DA:264,0
DA:266,0
DA:267,0
DA:273,0
DA:275,0
DA:283,0
DA:284,0
DA:285,0
DA:288,0
DA:289,0
DA:292,0
DA:293,0
DA:294,0
DA:297,0
DA:298,0
DA:305,0
DA:306,0
DA:307,0
DA:308,0
DA:309,0
DA:311,0
DA:312,0
DA:316,0
DA:319,0
LF:31
LH:2
BRDA:305,0,0,0
BRF:1
BRH:0
end_of_record
TN:
SF:resources/js/components/planner/CreateTrip.vue
FN:101,data
FN:116,changeState
FN:123,maxDays
FN:129,submitForm
FN:130,(anonymous_6)
FN:134,(anonymous_7)
FNF:6
FNH:3
FNDA:1,data
FNDA:4,changeState
FNDA:1,maxDays
FNDA:0,submitForm
FNDA:0,(anonymous_6)
FNDA:0,(anonymous_7)
DA:92,1
DA:102,1
DA:117,4
DA:118,0
DA:121,4
DA:124,1
DA:125,0
DA:127,1
DA:129,0
DA:130,0
DA:132,0
DA:133,0
DA:134,0
DA:135,0
LF:14
LH:6
BRDA:117,0,0,0
BRDA:118,1,0,0
BRDA:118,1,1,0
BRDA:124,2,0,0
BRF:4
BRH:0
end_of_record
