TN:
SF:resources/js/components/collaboration/TaskUser.vue
FN:47,_default
FN:50,data
FN:59,checkLimits
FN:68,isDisabled
FN:71,saveTasks
FN:72,(anonymous_6)
FN:80,deleteUser
FN:81,(anonymous_9)
FN:84,(anonymous_10)
FN:90,created
FNF:10
FNH:0
FNDA:0,_default
FNDA:0,data
FNDA:0,checkLimits
FNDA:0,isDisabled
FNDA:0,saveTasks
FNDA:0,(anonymous_6)
FNDA:0,deleteUser
FNDA:0,(anonymous_9)
FNDA:0,(anonymous_10)
FNDA:0,created
DA:47,0
DA:51,0
DA:60,0
DA:62,0
DA:63,0
DA:65,0
DA:69,0
DA:71,0
DA:72,0
DA:76,0
DA:77,0
DA:80,0
DA:81,0
DA:83,0
DA:84,0
DA:85,0
DA:91,0
DA:92,0
DA:93,0
DA:94,0
DA:95,0
DA:97,0
DA:98,0
DA:99,0
LF:24
LH:0
BRDA:62,0,0,0
BRDA:62,0,1,0
BRDA:69,1,0,0
BRDA:69,1,1,0
BRDA:69,1,2,0
BRDA:73,2,0,0
BRDA:73,2,1,0
BRDA:74,3,0,0
BRDA:74,3,1,0
BRDA:92,4,0,0
BRDA:93,5,0,0
BRDA:97,6,0,0
BRF:12
BRH:0
end_of_record
TN:
SF:resources/js/components/collaboration/Tasks.vue
FN:31,_default
FN:38,data
FNF:2
FNH:2
FNDA:1,_default
FNDA:2,data
DA:25,1
DA:34,1
DA:39,2
LF:3
LH:3
BRF:0
BRH:0
end_of_record
TN:
SF:resources/js/components/itinerary/CreateItinerary.vue
FN:31,_default
FN:44,data
FNF:2
FNH:2
FNDA:1,_default
FNDA:2,data
DA:22,1
DA:32,1
DA:45,2
LF:3
LH:3
BRF:0
BRH:0
end_of_record
TN:
SF:resources/js/components/itinerary/Days.vue
FN:216,_default
FN:234,data
FN:249,addModal
FN:260,updateModal
FN:273,saveEvent
FN:274,(anonymous_7)
FN:291,(anonymous_8)
FN:295,deleteEvent
FN:296,(anonymous_10)
FN:300,(anonymous_11)
FN:304,updateEvent
FN:305,(anonymous_13)
FN:318,(anonymous_14)
FN:322,setEvent
FN:325,searchHotel
FNF:15
FNH:1
FNDA:0,_default
FNDA:9,data
FNDA:0,addModal
FNDA:0,updateModal
FNDA:0,saveEvent
FNDA:0,(anonymous_7)
FNDA:0,(anonymous_8)
FNDA:0,deleteEvent
FNDA:0,(anonymous_10)
FNDA:0,(anonymous_11)
FNDA:0,updateEvent
FNDA:0,(anonymous_13)
FNDA:0,(anonymous_14)
FNDA:0,setEvent
FNDA:0,searchHotel
DA:203,2
DA:216,0
DA:235,9
DA:250,0
DA:258,0
DA:261,0
DA:263,0
DA:271,0
DA:273,0
DA:274,0
DA:280,0
DA:282,0
DA:290,0
DA:291,0
DA:292,0
DA:295,0
DA:296,0
DA:299,0
DA:300,0
DA:301,0
DA:304,0
DA:305,0
DA:312,0
DA:313,0
DA:314,0
DA:315,0
DA:316,0
DA:318,0
DA:319,0
DA:323,0
DA:326,0
LF:31
LH:2
BRDA:312,0,0,0
BRF:1
BRH:0
end_of_record
TN:
SF:resources/js/components/planner/CreateTrip.vue
FN:101,data
FN:116,changeState
FN:123,maxDays
FN:129,submitForm
FN:130,(anonymous_6)
FN:134,(anonymous_7)
FNF:6
FNH:3
FNDA:1,data
FNDA:4,changeState
FNDA:1,maxDays
FNDA:0,submitForm
FNDA:0,(anonymous_6)
FNDA:0,(anonymous_7)
DA:92,1
DA:102,1
DA:117,4
DA:118,0
DA:121,4
DA:124,1
DA:125,0
DA:127,1
DA:129,0
DA:130,0
DA:132,0
DA:133,0
DA:134,0
DA:135,0
LF:14
LH:6
BRDA:117,0,0,0
BRDA:118,1,0,0
BRDA:118,1,1,0
BRDA:124,2,0,0
BRF:4
BRH:0
end_of_record
